server runnig at http://127.0.0.1:12010/
SyntaxError: Unexpected token Z in JSON at position 1
    at JSON.parse (<anonymous>)
    at Timeout._onTimeout (/Users/awerkim/Documents/git/study_mevn/express/simple_pm2.js:16:8)
    at listOnTimeout (node:internal/timers:559:17)
    at processTimers (node:internal/timers:502:7)
server runnig at http://127.0.0.1:12010/
SyntaxError: Unexpected token Z in JSON at position 1
    at JSON.parse (<anonymous>)
    at Timeout._onTimeout (/Users/awerkim/Documents/git/study_mevn/express/simple_pm2.js:16:8)
    at listOnTimeout (node:internal/timers:559:17)
    at processTimers (node:internal/timers:502:7)
server runnig at http://127.0.0.1:12010/
SyntaxError: Unexpected token Z in JSON at position 1
    at JSON.parse (<anonymous>)
    at Timeout._onTimeout (/Users/awerkim/Documents/git/study_mevn/express/simple_pm2.js:16:8)
    at listOnTimeout (node:internal/timers:559:17)
    at processTimers (node:internal/timers:502:7)
server runnig at http://127.0.0.1:12010/
SyntaxError: Unexpected token Z in JSON at position 1
    at JSON.parse (<anonymous>)
    at Timeout._onTimeout (/Users/awerkim/Documents/git/study_mevn/express/simple_pm2.js:16:8)
    at listOnTimeout (node:internal/timers:559:17)
    at processTimers (node:internal/timers:502:7)
server runnig at http://127.0.0.1:12010/
SyntaxError: Unexpected token Z in JSON at position 1
    at JSON.parse (<anonymous>)
    at Timeout._onTimeout (/Users/awerkim/Documents/git/study_mevn/express/simple_pm2.js:16:8)
    at listOnTimeout (node:internal/timers:559:17)
    at processTimers (node:internal/timers:502:7)
server runnig at http://127.0.0.1:12010/
SyntaxError: Unexpected token Z in JSON at position 1
    at JSON.parse (<anonymous>)
    at Timeout._onTimeout (/Users/awerkim/Documents/git/study_mevn/express/simple_pm2.js:16:8)
    at listOnTimeout (node:internal/timers:559:17)
    at processTimers (node:internal/timers:502:7)
server runnig at http://127.0.0.1:12010/
SyntaxError: Unexpected token Z in JSON at position 1
    at JSON.parse (<anonymous>)
    at Timeout._onTimeout (/Users/awerkim/Documents/git/study_mevn/express/simple_pm2.js:16:8)
    at listOnTimeout (node:internal/timers:559:17)
    at processTimers (node:internal/timers:502:7)
server runnig at http://127.0.0.1:12010/
SyntaxError: Unexpected token Z in JSON at position 1
    at JSON.parse (<anonymous>)
    at Timeout._onTimeout (/Users/awerkim/Documents/git/study_mevn/express/simple_pm2.js:16:8)
    at listOnTimeout (node:internal/timers:559:17)
    at processTimers (node:internal/timers:502:7)
server runnig at http://127.0.0.1:12010/
SyntaxError: Unexpected token Z in JSON at position 1
    at JSON.parse (<anonymous>)
    at Timeout._onTimeout (/Users/awerkim/Documents/git/study_mevn/express/simple_pm2.js:16:8)
    at listOnTimeout (node:internal/timers:559:17)
    at processTimers (node:internal/timers:502:7)
server runnig at http://127.0.0.1:12010/
SyntaxError: Unexpected token Z in JSON at position 1
    at JSON.parse (<anonymous>)
    at Timeout._onTimeout (/Users/awerkim/Documents/git/study_mevn/express/simple_pm2.js:16:8)
    at listOnTimeout (node:internal/timers:559:17)
    at processTimers (node:internal/timers:502:7)
server runnig at http://127.0.0.1:12010/
SyntaxError: Unexpected token Z in JSON at position 1
    at JSON.parse (<anonymous>)
    at Timeout._onTimeout (/Users/awerkim/Documents/git/study_mevn/express/simple_pm2.js:16:8)
    at listOnTimeout (node:internal/timers:559:17)
    at processTimers (node:internal/timers:502:7)
server runnig at http://127.0.0.1:12010/
SyntaxError: Unexpected token Z in JSON at position 1
    at JSON.parse (<anonymous>)
    at Timeout._onTimeout (/Users/awerkim/Documents/git/study_mevn/express/simple_pm2.js:16:8)
    at listOnTimeout (node:internal/timers:559:17)
    at processTimers (node:internal/timers:502:7)
server runnig at http://127.0.0.1:12010/
SyntaxError: Unexpected token Z in JSON at position 1
    at JSON.parse (<anonymous>)
    at Timeout._onTimeout (/Users/awerkim/Documents/git/study_mevn/express/simple_pm2.js:16:8)
    at listOnTimeout (node:internal/timers:559:17)
    at processTimers (node:internal/timers:502:7)
server runnig at http://127.0.0.1:12010/
SyntaxError: Unexpected token Z in JSON at position 1
    at JSON.parse (<anonymous>)
    at Timeout._onTimeout (/Users/awerkim/Documents/git/study_mevn/express/simple_pm2.js:16:8)
    at listOnTimeout (node:internal/timers:559:17)
    at processTimers (node:internal/timers:502:7)
server runnig at http://127.0.0.1:12010/
SyntaxError: Unexpected token Z in JSON at position 1
    at JSON.parse (<anonymous>)
    at Timeout._onTimeout (/Users/awerkim/Documents/git/study_mevn/express/simple_pm2.js:16:8)
    at listOnTimeout (node:internal/timers:559:17)
    at processTimers (node:internal/timers:502:7)
server runnig at http://127.0.0.1:12010/
SyntaxError: Unexpected token Z in JSON at position 1
    at JSON.parse (<anonymous>)
    at Timeout._onTimeout (/Users/awerkim/Documents/git/study_mevn/express/simple_pm2.js:16:8)
    at listOnTimeout (node:internal/timers:559:17)
    at processTimers (node:internal/timers:502:7)
server runnig at http://127.0.0.1:12010/
SyntaxError: Unexpected token Z in JSON at position 1
    at JSON.parse (<anonymous>)
    at Timeout._onTimeout (/Users/awerkim/Documents/git/study_mevn/express/simple_pm2.js:16:8)
    at listOnTimeout (node:internal/timers:559:17)
    at processTimers (node:internal/timers:502:7)
server runnig at http://127.0.0.1:12010/
SyntaxError: Unexpected token Z in JSON at position 1
    at JSON.parse (<anonymous>)
    at Timeout._onTimeout (/Users/awerkim/Documents/git/study_mevn/express/simple_pm2.js:16:8)
    at listOnTimeout (node:internal/timers:559:17)
    at processTimers (node:internal/timers:502:7)
server runnig at http://127.0.0.1:12010/
SyntaxError: Unexpected token Z in JSON at position 1
    at JSON.parse (<anonymous>)
    at Timeout._onTimeout (/Users/awerkim/Documents/git/study_mevn/express/simple_pm2.js:16:8)
    at listOnTimeout (node:internal/timers:559:17)
    at processTimers (node:internal/timers:502:7)
server runnig at http://127.0.0.1:12010/
SyntaxError: Unexpected token Z in JSON at position 1
    at JSON.parse (<anonymous>)
    at Timeout._onTimeout (/Users/awerkim/Documents/git/study_mevn/express/simple_pm2.js:16:8)
    at listOnTimeout (node:internal/timers:559:17)
    at processTimers (node:internal/timers:502:7)
server runnig at http://127.0.0.1:12010/
SyntaxError: Unexpected token Z in JSON at position 1
    at JSON.parse (<anonymous>)
    at Timeout._onTimeout (/Users/awerkim/Documents/git/study_mevn/express/simple_pm2.js:16:8)
    at listOnTimeout (node:internal/timers:559:17)
    at processTimers (node:internal/timers:502:7)
server runnig at http://127.0.0.1:12010/
SyntaxError: Unexpected token Z in JSON at position 1
    at JSON.parse (<anonymous>)
    at Timeout._onTimeout (/Users/awerkim/Documents/git/study_mevn/express/simple_pm2.js:16:8)
    at listOnTimeout (node:internal/timers:559:17)
    at processTimers (node:internal/timers:502:7)
server runnig at http://127.0.0.1:12010/
SyntaxError: Unexpected token Z in JSON at position 1
    at JSON.parse (<anonymous>)
    at Timeout._onTimeout (/Users/awerkim/Documents/git/study_mevn/express/simple_pm2.js:16:8)
    at listOnTimeout (node:internal/timers:559:17)
    at processTimers (node:internal/timers:502:7)
server runnig at http://127.0.0.1:12010/
SyntaxError: Unexpected token Z in JSON at position 1
    at JSON.parse (<anonymous>)
    at Timeout._onTimeout (/Users/awerkim/Documents/git/study_mevn/express/simple_pm2.js:16:8)
    at listOnTimeout (node:internal/timers:559:17)
    at processTimers (node:internal/timers:502:7)
server runnig at http://127.0.0.1:12010/
SyntaxError: Unexpected token Z in JSON at position 1
    at JSON.parse (<anonymous>)
    at Timeout._onTimeout (/Users/awerkim/Documents/git/study_mevn/express/simple_pm2.js:16:8)
    at listOnTimeout (node:internal/timers:559:17)
    at processTimers (node:internal/timers:502:7)
server runnig at http://127.0.0.1:12010/
SyntaxError: Unexpected token Z in JSON at position 1
    at JSON.parse (<anonymous>)
    at Timeout._onTimeout (/Users/awerkim/Documents/git/study_mevn/express/simple_pm2.js:16:8)
    at listOnTimeout (node:internal/timers:559:17)
    at processTimers (node:internal/timers:502:7)
server runnig at http://127.0.0.1:12010/
